<?xml version="1.0" encoding="UTF-8"?>
<testng-results skipped="0" failed="0" ignored="0" total="6" passed="6">
  <reporter-output>
  </reporter-output>
  <suite name="Suite" duration-ms="57" started-at="2022-02-09T21:12:11 IST" finished-at="2022-02-09T21:12:11 IST">
    <groups>
    </groups>
    <test name="Test" duration-ms="57" started-at="2022-02-09T21:12:11 IST" finished-at="2022-02-09T21:12:11 IST">
      <class name="qaclickacademy.AppiumTest">
        <test-method status="PASS" signature="iosApps()[pri:0, instance:qaclickacademy.AppiumTest@7a3d45bd]" name="iosApps" duration-ms="5" started-at="2022-02-09T21:12:11 IST" finished-at="2022-02-09T21:12:11 IST">
          <reporter-output>
          </reporter-output>
        </test-method> <!-- iosApps -->
        <test-method status="PASS" signature="nativeApp()[pri:0, instance:qaclickacademy.AppiumTest@7a3d45bd]" name="nativeApp" duration-ms="1" started-at="2022-02-09T21:12:11 IST" finished-at="2022-02-09T21:12:11 IST">
          <reporter-output>
          </reporter-output>
        </test-method> <!-- nativeApp -->
      </class> <!-- qaclickacademy.AppiumTest -->
      <class name="qaclickacademy.RestApiTest">
        <test-method status="PASS" signature="BrowserAutomation()[pri:0, instance:qaclickacademy.RestApiTest@612fc6eb]" name="BrowserAutomation" duration-ms="1" started-at="2022-02-09T21:12:11 IST" finished-at="2022-02-09T21:12:11 IST">
          <reporter-output>
          </reporter-output>
        </test-method> <!-- BrowserAutomation -->
        <test-method status="PASS" signature="elementsUi()[pri:0, instance:qaclickacademy.RestApiTest@612fc6eb]" name="elementsUi" duration-ms="3" started-at="2022-02-09T21:12:11 IST" finished-at="2022-02-09T21:12:11 IST">
          <reporter-output>
          </reporter-output>
        </test-method> <!-- elementsUi -->
      </class> <!-- qaclickacademy.RestApiTest -->
      <class name="qaclickacademy.SeleniumTest">
        <test-method status="PASS" signature="postJira()[pri:0, instance:qaclickacademy.SeleniumTest@eafc191]" name="postJira" duration-ms="1" started-at="2022-02-09T21:12:11 IST" finished-at="2022-02-09T21:12:11 IST">
          <reporter-output>
          </reporter-output>
        </test-method> <!-- postJira -->
        <test-method status="PASS" signature="deleteTwitter()[pri:0, instance:qaclickacademy.SeleniumTest@eafc191]" name="deleteTwitter" duration-ms="0" started-at="2022-02-09T21:12:11 IST" finished-at="2022-02-09T21:12:11 IST">
          <reporter-output>
          </reporter-output>
        </test-method> <!-- deleteTwitter -->
      </class> <!-- qaclickacademy.SeleniumTest -->
    </test> <!-- Test -->
  </suite> <!-- Suite -->
</testng-results>
