<?xml version="1.0" encoding="UTF-8"?>
<!-- Generated by org.testng.reporters.JUnitXMLReporter -->
<testsuite hostname="kasturisuresh" ignored="0" name="Test" tests="6" failures="0" timestamp="2022-02-09T21:12:11 IST" time="0.057" errors="0">
  <testcase name="iosApps" time="0.005" classname="qaclickacademy.AppiumTest"/>
  <testcase name="nativeApp" time="0.001" classname="qaclickacademy.AppiumTest"/>
  <testcase name="deleteTwitter" time="0.0" classname="qaclickacademy.SeleniumTest"/>
  <testcase name="postJira" time="0.001" classname="qaclickacademy.SeleniumTest"/>
  <testcase name="BrowserAutomation" time="0.001" classname="qaclickacademy.RestApiTest"/>
  <testcase name="elementsUi" time="0.003" classname="qaclickacademy.RestApiTest"/>
</testsuite> <!-- Test -->
