<?xml version="1.0" encoding="UTF-8"?>
<!-- Generated by org.testng.reporters.JUnitXMLReporter -->
<testsuite hostname="kasturisuresh" ignored="0" name="Test" tests="4" failures="0" timestamp="2022-02-10T10:39:40 IST" time="0.056" errors="0">
  <testcase name="iosApps" time="0.006" classname="qaclickacademy.AppiumTest"/>
  <testcase name="nativeApp" time="0.0" classname="qaclickacademy.AppiumTest"/>
  <testcase name="deleteTwitter" time="0.0" classname="qaclickacademy.SeleniumTest"/>
  <testcase name="postJira" time="0.001" classname="qaclickacademy.SeleniumTest"/>
</testsuite> <!-- Test -->
