<?xml version="1.0" encoding="UTF-8"?>
<testng-results skipped="0" failed="0" ignored="0" total="2" passed="2">
  <reporter-output>
  </reporter-output>
  <suite name="Default suite" duration-ms="54" started-at="2022-02-09T18:08:44 IST" finished-at="2022-02-09T18:08:45 IST">
    <groups>
    </groups>
    <test name="Default test" duration-ms="54" started-at="2022-02-09T18:08:44 IST" finished-at="2022-02-09T18:08:45 IST">
      <class name="qaclickacademy.SeleniumTest">
        <test-method status="PASS" signature="deleteTwitter()[pri:0, instance:qaclickacademy.SeleniumTest@2fd66ad3]" name="deleteTwitter" duration-ms="9" started-at="2022-02-09T18:08:45 IST" finished-at="2022-02-09T18:08:45 IST">
          <reporter-output>
          </reporter-output>
        </test-method> <!-- deleteTwitter -->
        <test-method status="PASS" signature="postJira()[pri:0, instance:qaclickacademy.SeleniumTest@2fd66ad3]" name="postJira" duration-ms="1" started-at="2022-02-09T18:08:45 IST" finished-at="2022-02-09T18:08:45 IST">
          <reporter-output>
          </reporter-output>
        </test-method> <!-- postJira -->
      </class> <!-- qaclickacademy.SeleniumTest -->
    </test> <!-- Default test -->
  </suite> <!-- Default suite -->
</testng-results>
